0:0:0:0:0:0:0:1 - - [03/Apr/2025:11:50:29 +0200] "GET /novedades/v1?fecha=2025-03-04%2000%3A00%3A00 HTTP/1.1" 200 317
0:0:0:0:0:0:0:1 - - [03/Apr/2025:11:51:08 +0200] "GET /novedades/v1?fecha=2024-03-04%2000%3A00%3A00 HTTP/1.1" 200 428
0:0:0:0:0:0:0:1 - - [03/Apr/2025:11:54:13 +0200] "GET /novedades/v1?fecha=2025-03-04%2000%3A00%3A00 HTTP/1.1" 200 317
0:0:0:0:0:0:0:1 - - [03/Apr/2025:11:55:51 +0200] "GET /novedades/v1?fecha=2025-03-04%2000%3A00%3A00 HTTP/1.1" 200 317
0:0:0:0:0:0:0:1 - - [03/Apr/2025:12:20:24 +0200] "GET /peliculas/v1?page=0&size=24&sort=title HTTP/1.1" 403 171
0:0:0:0:0:0:0:1 - - [03/Apr/2025:12:20:24 +0200] "GET /peliculas/v1/clasificaciones HTTP/1.1" 403 187
0:0:0:0:0:0:0:1 - - [03/Apr/2025:12:20:24 +0200] "GET /peliculas/v1/clasificaciones HTTP/1.1" 200 256
0:0:0:0:0:0:0:1 - - [03/Apr/2025:12:20:25 +0200] "GET /peliculas/v1?page=0&size=24&sort=title HTTP/1.1" 200 958
0:0:0:0:0:0:0:1 - - [03/Apr/2025:12:20:28 +0200] "GET /peliculas/v1/1?mode=details HTTP/1.1" 200 562
0:0:0:0:0:0:0:1 - - [03/Apr/2025:12:20:30 +0200] "GET /peliculas/v1/contenido-adicional HTTP/1.1" 200 75
0:0:0:0:0:0:0:1 - - [03/Apr/2025:12:20:30 +0200] "GET /categorias/v1 HTTP/1.1" 200 536
0:0:0:0:0:0:0:1 - - [03/Apr/2025:12:20:30 +0200] "GET /idiomas/v1 HTTP/1.1" 200 240
0:0:0:0:0:0:0:1 - - [03/Apr/2025:12:20:30 +0200] "GET /peliculas/v1/1 HTTP/1.1" 200 423
0:0:0:0:0:0:0:1 - - [03/Apr/2025:12:20:31 +0200] "GET /actores/v1?modo=short HTTP/1.1" 200 7088
0:0:0:0:0:0:0:1 - - [03/Apr/2025:12:54:56 +0200] "GET /categorias/v1 HTTP/1.1" 403 172
0:0:0:0:0:0:0:1 - - [03/Apr/2025:12:54:56 +0200] "GET /categorias/v1 HTTP/1.1" 200 536
0:0:0:0:0:0:0:1 - - [03/Apr/2025:12:55:00 +0200] "GET /categorias/v1/1 HTTP/1.1" 200 40
0:0:0:0:0:0:0:1 - - [03/Apr/2025:12:55:06 +0200] "GET /categorias/v1 HTTP/1.1" 200 536
0:0:0:0:0:0:0:1 - - [03/Apr/2025:12:55:13 +0200] "POST /categorias/v1 HTTP/1.1" 201 -
0:0:0:0:0:0:0:1 - - [03/Apr/2025:12:55:13 +0200] "GET /categorias/v1 HTTP/1.1" 200 567
0:0:0:0:0:0:0:1 - - [03/Apr/2025:12:55:25 +0200] "DELETE /categorias/v1/19 HTTP/1.1" 204 -
0:0:0:0:0:0:0:1 - - [03/Apr/2025:12:55:25 +0200] "GET /categorias/v1 HTTP/1.1" 200 536
0:0:0:0:0:0:0:1 - - [03/Apr/2025:12:56:29 +0200] "GET /idiomas/v1 HTTP/1.1" 200 240
0:0:0:0:0:0:0:1 - - [03/Apr/2025:12:56:32 +0200] "GET /idiomas/v1/7 HTTP/1.1" 200 84
0:0:0:0:0:0:0:1 - - [03/Apr/2025:12:56:35 +0200] "GET /idiomas/v1 HTTP/1.1" 200 240
0:0:0:0:0:0:0:1 - - [03/Apr/2025:12:56:42 +0200] "POST /idiomas/v1 HTTP/1.1" 400 121
0:0:0:0:0:0:0:1 - - [03/Apr/2025:12:56:59 +0200] "GET /idiomas/v1 HTTP/1.1" 200 240
0:0:0:0:0:0:0:1 - - [03/Apr/2025:13:06:21 +0200] "GET /idiomas/v1 HTTP/1.1" 200 240
0:0:0:0:0:0:0:1 - - [03/Apr/2025:13:06:25 +0200] "GET /peliculas/v1?page=0&size=24&sort=title HTTP/1.1" 200 958
0:0:0:0:0:0:0:1 - - [03/Apr/2025:13:06:36 +0200] "GET /peliculas/v1/1?mode=details HTTP/1.1" 200 562
0:0:0:0:0:0:0:1 - - [03/Apr/2025:13:06:37 +0200] "GET /categorias/v1 HTTP/1.1" 200 536
0:0:0:0:0:0:0:1 - - [03/Apr/2025:13:06:37 +0200] "GET /idiomas/v1 HTTP/1.1" 200 240
0:0:0:0:0:0:0:1 - - [03/Apr/2025:13:06:38 +0200] "GET /peliculas/v1/1 HTTP/1.1" 200 423
0:0:0:0:0:0:0:1 - - [03/Apr/2025:13:06:38 +0200] "GET /actores/v1?modo=short HTTP/1.1" 200 7088
0:0:0:0:0:0:0:1 - - [03/Apr/2025:13:08:08 +0200] "PUT /peliculas/v1/1 HTTP/1.1" 400 217
0:0:0:0:0:0:0:1 - - [03/Apr/2025:13:12:14 +0200] "PUT /peliculas/v1/1 HTTP/1.1" 403 173
0:0:0:0:0:0:0:1 - - [03/Apr/2025:13:12:15 +0200] "PUT /peliculas/v1/1 HTTP/1.1" 400 217
0:0:0:0:0:0:0:1 - - [03/Apr/2025:13:12:24 +0200] "GET /peliculas/v1/contenido-adicional HTTP/1.1" 200 75
0:0:0:0:0:0:0:1 - - [03/Apr/2025:13:12:24 +0200] "GET /peliculas/v1/clasificaciones HTTP/1.1" 200 256
0:0:0:0:0:0:0:1 - - [03/Apr/2025:13:12:24 +0200] "GET /categorias/v1 HTTP/1.1" 200 536
0:0:0:0:0:0:0:1 - - [03/Apr/2025:13:12:24 +0200] "GET /idiomas/v1 HTTP/1.1" 200 240
0:0:0:0:0:0:0:1 - - [03/Apr/2025:13:12:24 +0200] "GET /actores/v1?modo=short HTTP/1.1" 200 7088
0:0:0:0:0:0:0:1 - - [03/Apr/2025:13:12:24 +0200] "GET /peliculas/v1/1 HTTP/1.1" 200 423
0:0:0:0:0:0:0:1 - - [03/Apr/2025:13:12:34 +0200] "PUT /peliculas/v1/1 HTTP/1.1" 400 217
0:0:0:0:0:0:0:1 - - [03/Apr/2025:13:14:09 +0200] "GET /novedades/v1?fecha=2025-03-04%2000%3A00%3A00 HTTP/1.1" 200 317
0:0:0:0:0:0:0:1 - - [03/Apr/2025:13:14:26 +0200] "GET /peliculas/v1?page=0&size=24&sort=title HTTP/1.1" 200 958
0:0:0:0:0:0:0:1 - - [03/Apr/2025:13:14:30 +0200] "GET /novedades/v1?fecha=2025-03-04%2000%3A00%3A00 HTTP/1.1" 200 317
0:0:0:0:0:0:0:1 - - [03/Apr/2025:13:16:59 +0200] "GET /peliculas/v1?page=0&size=24&sort=title HTTP/1.1" 200 958
0:0:0:0:0:0:0:1 - - [03/Apr/2025:13:18:12 +0200] "GET /novedades/v1?fecha=2025-03-04%2000%3A00%3A00 HTTP/1.1" 200 317
0:0:0:0:0:0:0:1 - - [03/Apr/2025:13:18:23 +0200] "GET /novedades/v1?fecha=2025-03-04%2000%3A00%3A00 HTTP/1.1" 200 317
0:0:0:0:0:0:0:1 - - [03/Apr/2025:13:18:40 +0200] "GET /novedades/v1?fecha=2025-03-04%2000%3A00%3A00 HTTP/1.1" 200 317
0:0:0:0:0:0:0:1 - - [03/Apr/2025:13:19:41 +0200] "GET /novedades/v1?fecha=2025-03-04%2000%3A00%3A00 HTTP/1.1" 200 317
0:0:0:0:0:0:0:1 - - [03/Apr/2025:13:20:25 +0200] "GET /peliculas/v1?page=0&size=24&sort=title HTTP/1.1" 200 958
0:0:0:0:0:0:0:1 - - [03/Apr/2025:13:20:25 +0200] "GET /peliculas/v1/clasificaciones HTTP/1.1" 200 256
0:0:0:0:0:0:0:1 - - [03/Apr/2025:13:22:51 +0200] "GET /idiomas/v1 HTTP/1.1" 200 240
0:0:0:0:0:0:0:1 - - [03/Apr/2025:13:22:54 +0200] "GET /idiomas/v1/7 HTTP/1.1" 200 84
0:0:0:0:0:0:0:1 - - [03/Apr/2025:13:22:59 +0200] "GET /idiomas/v1 HTTP/1.1" 200 240
0:0:0:0:0:0:0:1 - - [03/Apr/2025:13:23:09 +0200] "GET /peliculas/v1?page=0&size=24&sort=title HTTP/1.1" 200 958
0:0:0:0:0:0:0:1 - - [03/Apr/2025:13:28:28 +0200] "GET /peliculas/v1?page=0&size=12&sort=title HTTP/1.1" 403 171
0:0:0:0:0:0:0:1 - - [03/Apr/2025:13:28:28 +0200] "GET /peliculas/v1?page=0&size=12&sort=title HTTP/1.1" 200 520
0:0:0:0:0:0:0:1 - - [03/Apr/2025:13:28:41 +0200] "GET /peliculas/v1?page=1&size=96&sort=title HTTP/1.1" 200 3748
0:0:0:0:0:0:0:1 - - [03/Apr/2025:13:28:58 +0200] "GET /peliculas/v1?page=1&size=96&sort=title HTTP/1.1" 200 3748
0:0:0:0:0:0:0:1 - - [03/Apr/2025:13:29:01 +0200] "GET /novedades/v1?fecha=2025-03-04%2000%3A00%3A00 HTTP/1.1" 200 317
0:0:0:0:0:0:0:1 - - [03/Apr/2025:13:29:05 +0200] "GET /actores/v1?page=0&size=10&sort=firstName,lastName HTTP/1.1" 200 446
0:0:0:0:0:0:0:1 - - [03/Apr/2025:13:29:07 +0200] "GET /actores/v1/71 HTTP/1.1" 200 56
0:0:0:0:0:0:0:1 - - [03/Apr/2025:13:29:07 +0200] "GET /actores/v1/71/pelis HTTP/1.1" 200 749
0:0:0:0:0:0:0:1 - - [03/Apr/2025:13:29:14 +0200] "GET /actores/v1?page=0&size=10&sort=firstName,lastName HTTP/1.1" 200 446
0:0:0:0:0:0:0:1 - - [03/Apr/2025:13:29:16 +0200] "GET /actores/v1/71 HTTP/1.1" 200 56
0:0:0:0:0:0:0:1 - - [03/Apr/2025:13:29:19 +0200] "GET /actores/v1?page=0&size=10&sort=firstName,lastName HTTP/1.1" 200 446
0:0:0:0:0:0:0:1 - - [03/Apr/2025:13:29:20 +0200] "GET /actores/v1?page=0&size=10&sort=firstName,lastName HTTP/1.1" 200 446
0:0:0:0:0:0:0:1 - - [03/Apr/2025:13:29:22 +0200] "GET /actores/v1/132 HTTP/1.1" 200 58
0:0:0:0:0:0:0:1 - - [03/Apr/2025:13:29:23 +0200] "GET /actores/v1/132/pelis HTTP/1.1" 200 882
0:0:0:0:0:0:0:1 - - [03/Apr/2025:13:29:27 +0200] "GET /actores/v1?page=0&size=10&sort=firstName,lastName HTTP/1.1" 200 446
0:0:0:0:0:0:0:1 - - [03/Apr/2025:13:29:33 +0200] "GET /actores/v1/71 HTTP/1.1" 200 56
0:0:0:0:0:0:0:1 - - [03/Apr/2025:13:29:33 +0200] "GET /actores/v1/71/pelis HTTP/1.1" 200 749
0:0:0:0:0:0:0:1 - - [03/Apr/2025:13:29:35 +0200] "GET /peliculas/v1/26?mode=details HTTP/1.1" 200 444
0:0:0:0:0:0:0:1 - - [03/Apr/2025:13:29:36 +0200] "GET /actores/v1/71 HTTP/1.1" 200 56
0:0:0:0:0:0:0:1 - - [03/Apr/2025:13:29:36 +0200] "GET /actores/v1/71/pelis HTTP/1.1" 200 749
0:0:0:0:0:0:0:1 - - [03/Apr/2025:13:33:07 +0200] "GET /actores/v1/71/pelis HTTP/1.1" 200 749
0:0:0:0:0:0:0:1 - - [03/Apr/2025:13:33:07 +0200] "GET /actores/v1/71 HTTP/1.1" 200 56
0:0:0:0:0:0:0:1 - - [03/Apr/2025:13:33:11 +0200] "GET /novedades/v1?fecha=2025-03-04%2000%3A00%3A00 HTTP/1.1" 200 317
0:0:0:0:0:0:0:1 - - [03/Apr/2025:13:33:14 +0200] "GET /peliculas/v1/clasificaciones HTTP/1.1" 200 256
0:0:0:0:0:0:0:1 - - [03/Apr/2025:13:33:14 +0200] "GET /peliculas/v1?page=0&size=24&sort=title HTTP/1.1" 200 958
0:0:0:0:0:0:0:1 - - [03/Apr/2025:13:33:17 +0200] "GET /peliculas/v1/1?mode=details HTTP/1.1" 200 562
0:0:0:0:0:0:0:1 - - [03/Apr/2025:13:33:26 +0200] "GET /actores/v1?page=0&size=10&sort=firstName,lastName HTTP/1.1" 200 446
0:0:0:0:0:0:0:1 - - [03/Apr/2025:13:33:29 +0200] "GET /actores/v1/71 HTTP/1.1" 200 56
0:0:0:0:0:0:0:1 - - [03/Apr/2025:13:33:33 +0200] "GET /idiomas/v1 HTTP/1.1" 200 240
0:0:0:0:0:0:0:1 - - [03/Apr/2025:13:33:45 +0200] "GET /peliculas/v1?page=0&size=24&sort=title HTTP/1.1" 200 958
0:0:0:0:0:0:0:1 - - [03/Apr/2025:13:33:47 +0200] "GET /peliculas/v1/1?mode=details HTTP/1.1" 200 562
0:0:0:0:0:0:0:1 - - [03/Apr/2025:13:33:49 +0200] "GET /peliculas/v1/contenido-adicional HTTP/1.1" 200 75
0:0:0:0:0:0:0:1 - - [03/Apr/2025:13:33:49 +0200] "GET /categorias/v1 HTTP/1.1" 200 536
0:0:0:0:0:0:0:1 - - [03/Apr/2025:13:33:49 +0200] "GET /idiomas/v1 HTTP/1.1" 200 240
0:0:0:0:0:0:0:1 - - [03/Apr/2025:13:33:49 +0200] "GET /peliculas/v1/1 HTTP/1.1" 200 423
0:0:0:0:0:0:0:1 - - [03/Apr/2025:13:33:49 +0200] "GET /actores/v1?modo=short HTTP/1.1" 200 7088
0:0:0:0:0:0:0:1 - - [03/Apr/2025:13:34:23 +0200] "GET /actores/v1?page=0&size=10&sort=firstName,lastName HTTP/1.1" 200 446
0:0:0:0:0:0:0:1 - - [03/Apr/2025:13:34:25 +0200] "GET /actores/v1/71 HTTP/1.1" 200 56
0:0:0:0:0:0:0:1 - - [03/Apr/2025:13:34:25 +0200] "GET /actores/v1/71/pelis HTTP/1.1" 200 749
0:0:0:0:0:0:0:1 - - [03/Apr/2025:13:34:33 +0200] "GET /actores/v1?page=0&size=10&sort=firstName,lastName HTTP/1.1" 200 446
0:0:0:0:0:0:0:1 - - [03/Apr/2025:13:34:35 +0200] "GET /actores/v1/71 HTTP/1.1" 200 56
0:0:0:0:0:0:0:1 - - [03/Apr/2025:13:34:50 +0200] "GET /novedades/v1?fecha=2025-03-04%2000%3A00%3A00 HTTP/1.1" 200 317
0:0:0:0:0:0:0:1 - - [03/Apr/2025:13:59:16 +0200] "GET /novedades/v1?fecha=2025-03-04%2000%3A00%3A00 HTTP/1.1" 200 317
0:0:0:0:0:0:0:1 - - [03/Apr/2025:13:59:18 +0200] "GET /novedades/v1?fecha=2025-03-04%2000%3A00%3A00 HTTP/1.1" 200 317
0:0:0:0:0:0:0:1 - - [03/Apr/2025:14:26:34 +0200] "GET /actores/v1?page=0&size=10&sort=firstName,lastName HTTP/1.1" 403 169
0:0:0:0:0:0:0:1 - - [03/Apr/2025:14:26:34 +0200] "GET /actores/v1?page=0&size=10&sort=firstName,lastName HTTP/1.1" 200 446
0:0:0:0:0:0:0:1 - - [03/Apr/2025:14:26:37 +0200] "GET /idiomas/v1 HTTP/1.1" 200 240
0:0:0:0:0:0:0:1 - - [03/Apr/2025:14:26:48 +0200] "GET /peliculas/v1/clasificaciones HTTP/1.1" 200 256
0:0:0:0:0:0:0:1 - - [03/Apr/2025:14:26:48 +0200] "GET /peliculas/v1?page=0&size=24&sort=title HTTP/1.1" 200 958
0:0:0:0:0:0:0:1 - - [03/Apr/2025:14:26:53 +0200] "GET /peliculas/v1/1?mode=details HTTP/1.1" 200 562
0:0:0:0:0:0:0:1 - - [03/Apr/2025:14:26:55 +0200] "GET /peliculas/v1/contenido-adicional HTTP/1.1" 200 75
0:0:0:0:0:0:0:1 - - [03/Apr/2025:14:26:55 +0200] "GET /idiomas/v1 HTTP/1.1" 200 240
0:0:0:0:0:0:0:1 - - [03/Apr/2025:14:26:55 +0200] "GET /categorias/v1 HTTP/1.1" 200 536
0:0:0:0:0:0:0:1 - - [03/Apr/2025:14:26:55 +0200] "GET /peliculas/v1/1 HTTP/1.1" 200 423
0:0:0:0:0:0:0:1 - - [03/Apr/2025:14:26:55 +0200] "GET /actores/v1?modo=short HTTP/1.1" 200 7088
0:0:0:0:0:0:0:1 - - [03/Apr/2025:14:27:17 +0200] "GET /actores/v1?page=0&size=10&sort=firstName,lastName HTTP/1.1" 200 446
0:0:0:0:0:0:0:1 - - [03/Apr/2025:14:27:21 +0200] "GET /actores/v1/71 HTTP/1.1" 200 56
0:0:0:0:0:0:0:1 - - [03/Apr/2025:14:28:28 +0200] "GET / HTTP/1.1" 200 407
0:0:0:0:0:0:0:1 - - [03/Apr/2025:14:28:30 +0200] "GET /favicon.ico HTTP/1.1" 500 147
0:0:0:0:0:0:0:1 - - [03/Apr/2025:14:28:33 +0200] "GET /open-api HTTP/1.1" 302 -
0:0:0:0:0:0:0:1 - - [03/Apr/2025:14:28:33 +0200] "GET /swagger-ui/index.html HTTP/1.1" 200 734
0:0:0:0:0:0:0:1 - - [03/Apr/2025:14:28:33 +0200] "GET /swagger-ui/swagger-ui.css HTTP/1.1" 200 152071
0:0:0:0:0:0:0:1 - - [03/Apr/2025:14:28:33 +0200] "GET /swagger-ui/index.css HTTP/1.1" 200 202
0:0:0:0:0:0:0:1 - - [03/Apr/2025:14:28:33 +0200] "GET /swagger-ui/swagger-ui-standalone-preset.js HTTP/1.1" 200 230293
0:0:0:0:0:0:0:1 - - [03/Apr/2025:14:28:33 +0200] "GET /swagger-ui/swagger-initializer.js HTTP/1.1" 200 703
0:0:0:0:0:0:0:1 - - [03/Apr/2025:14:28:33 +0200] "GET /swagger-ui/swagger-ui-bundle.js HTTP/1.1" 200 1452753
0:0:0:0:0:0:0:1 - - [03/Apr/2025:14:28:33 +0200] "GET /v3/api-docs/swagger-config HTTP/1.1" 200 239
0:0:0:0:0:0:0:1 - - [03/Apr/2025:14:28:33 +0200] "GET /swagger-ui/favicon-32x32.png HTTP/1.1" 200 628
0:0:0:0:0:0:0:1 - - [03/Apr/2025:14:28:34 +0200] "GET /v3/api-docs HTTP/1.1" 200 36607
0:0:0:0:0:0:0:1 - - [03/Apr/2025:14:28:54 +0200] "GET /peliculas/v1/1?mode=short HTTP/1.1" 200 47
0:0:0:0:0:0:0:1 - - [03/Apr/2025:14:29:12 +0200] "GET /peliculas/v1/1?mode=edit HTTP/1.1" 200 423
0:0:0:0:0:0:0:1 - - [03/Apr/2025:14:29:32 +0200] "GET /peliculas/v1?page=0&size=24&sort=title HTTP/1.1" 200 958
0:0:0:0:0:0:0:1 - - [03/Apr/2025:14:29:34 +0200] "GET /peliculas/v1/2?mode=details HTTP/1.1" 200 456
0:0:0:0:0:0:0:1 - - [03/Apr/2025:14:29:56 +0200] "GET /peliculas/v1/1?mode=details HTTP/1.1" 200 562
0:0:0:0:0:0:0:1 - - [03/Apr/2025:14:30:41 +0200] "GET /peliculas/v1/1?mode=edit HTTP/1.1" 200 423
0:0:0:0:0:0:0:1 - - [03/Apr/2025:14:31:15 +0200] "GET /categorias/v1 HTTP/1.1" 200 536
0:0:0:0:0:0:0:1 - - [03/Apr/2025:14:31:15 +0200] "GET /idiomas/v1 HTTP/1.1" 200 240
0:0:0:0:0:0:0:1 - - [03/Apr/2025:14:31:15 +0200] "GET /peliculas/v1/2 HTTP/1.1" 200 396
0:0:0:0:0:0:0:1 - - [03/Apr/2025:14:31:16 +0200] "GET /actores/v1?modo=short HTTP/1.1" 200 7088
0:0:0:0:0:0:0:1 - - [03/Apr/2025:14:31:52 +0200] "GET /peliculas/v1?page=0&size=24&sort=title HTTP/1.1" 200 958
0:0:0:0:0:0:0:1 - - [03/Apr/2025:14:31:57 +0200] "GET /peliculas/v1/2?mode=details HTTP/1.1" 200 456
0:0:0:0:0:0:0:1 - - [03/Apr/2025:14:32:37 +0200] "GET /peliculas/v1?mode=short&page=0&size=20 HTTP/1.1" 200 802
0:0:0:0:0:0:0:1 - - [03/Apr/2025:14:38:27 +0200] "GET /categorias/v1 HTTP/1.1" 200 536
0:0:0:0:0:0:0:1 - - [03/Apr/2025:14:38:28 +0200] "GET /idiomas/v1 HTTP/1.1" 200 240
0:0:0:0:0:0:0:1 - - [03/Apr/2025:14:38:28 +0200] "GET /actores/v1?modo=short HTTP/1.1" 200 7088
0:0:0:0:0:0:0:1 - - [03/Apr/2025:14:38:28 +0200] "GET /peliculas/v1/2 HTTP/1.1" 200 396
0:0:0:0:0:0:0:1 - - [03/Apr/2025:14:43:33 +0200] "GET /peliculas/v1?page=0&size=24&sort=title HTTP/1.1" 403 171
0:0:0:0:0:0:0:1 - - [03/Apr/2025:14:43:34 +0200] "GET /peliculas/v1?page=0&size=24&sort=title HTTP/1.1" 200 958
0:0:0:0:0:0:0:1 - - [03/Apr/2025:14:43:36 +0200] "GET /peliculas/v1/1?mode=details HTTP/1.1" 200 562
0:0:0:0:0:0:0:1 - - [03/Apr/2025:15:57:24 +0200] "GET /novedades/v1?fecha=2025-03-04%2000%3A00%3A00 HTTP/1.1" 200 317
0:0:0:0:0:0:0:1 - - [03/Apr/2025:16:30:31 +0200] "GET /peliculas/v1?page=0&size=24&sort=title HTTP/1.1" 200 958
0:0:0:0:0:0:0:1 - - [03/Apr/2025:16:30:39 +0200] "GET /peliculas/v1/2?mode=details HTTP/1.1" 200 456
0:0:0:0:0:0:0:1 - - [03/Apr/2025:16:30:52 +0200] "GET /categorias/v1 HTTP/1.1" 200 536
0:0:0:0:0:0:0:1 - - [03/Apr/2025:16:30:55 +0200] "GET /categorias/v1 HTTP/1.1" 200 536
0:0:0:0:0:0:0:1 - - [03/Apr/2025:16:30:55 +0200] "GET /categorias/v1/2/peliculas HTTP/1.1" 200 2429
0:0:0:0:0:0:0:1 - - [03/Apr/2025:16:30:58 +0200] "GET /peliculas/v1/23?mode=details HTTP/1.1" 200 468
0:0:0:0:0:0:0:1 - - [03/Apr/2025:16:31:01 +0200] "GET /categorias/v1 HTTP/1.1" 200 536
0:0:0:0:0:0:0:1 - - [03/Apr/2025:16:31:01 +0200] "GET /categorias/v1/2/peliculas HTTP/1.1" 200 2429
0:0:0:0:0:0:0:1 - - [03/Apr/2025:16:31:08 +0200] "GET /peliculas/v1?page=0&size=24&sort=title HTTP/1.1" 200 958
0:0:0:0:0:0:0:1 - - [03/Apr/2025:16:31:22 +0200] "GET /peliculas/v1/filtro?title=ace&mode=short HTTP/1.1" 200 563
0:0:0:0:0:0:0:1 - - [03/Apr/2025:16:31:28 +0200] "GET /peliculas/v1/filtro?title=ace&minlength=1&mode=short HTTP/1.1" 200 563
0:0:0:0:0:0:0:1 - - [03/Apr/2025:16:32:04 +0200] "GET /peliculas/v1/2?mode=details HTTP/1.1" 200 456
0:0:0:0:0:0:0:1 - - [03/Apr/2025:16:32:19 +0200] "GET /categorias/v1 HTTP/1.1" 200 536
0:0:0:0:0:0:0:1 - - [03/Apr/2025:16:32:19 +0200] "GET /idiomas/v1 HTTP/1.1" 200 240
0:0:0:0:0:0:0:1 - - [03/Apr/2025:16:32:19 +0200] "GET /peliculas/v1/2 HTTP/1.1" 200 396
0:0:0:0:0:0:0:1 - - [03/Apr/2025:16:32:19 +0200] "GET /actores/v1?modo=short HTTP/1.1" 200 7088
0:0:0:0:0:0:0:1 - - [03/Apr/2025:16:32:28 +0200] "GET /peliculas/v1?page=0&size=24&sort=title HTTP/1.1" 200 958
0:0:0:0:0:0:0:1 - - [03/Apr/2025:16:32:30 +0200] "GET /peliculas/v1/1?mode=details HTTP/1.1" 200 562
0:0:0:0:0:0:0:1 - - [03/Apr/2025:16:32:32 +0200] "GET /peliculas/v1?page=0&size=24&sort=title HTTP/1.1" 200 958
0:0:0:0:0:0:0:1 - - [03/Apr/2025:16:32:33 +0200] "GET /idiomas/v1 HTTP/1.1" 200 240
0:0:0:0:0:0:0:1 - - [03/Apr/2025:16:32:33 +0200] "GET /categorias/v1 HTTP/1.1" 200 536
0:0:0:0:0:0:0:1 - - [03/Apr/2025:16:32:34 +0200] "GET /actores/v1?modo=short HTTP/1.1" 200 7088
0:0:0:0:0:0:0:1 - - [03/Apr/2025:16:34:22 +0200] "POST /peliculas/v1 HTTP/1.1" 201 -
0:0:0:0:0:0:0:1 - - [03/Apr/2025:16:34:22 +0200] "GET /peliculas/v1?page=0&size=24&sort=title HTTP/1.1" 200 950
0:0:0:0:0:0:0:1 - - [03/Apr/2025:16:35:10 +0200] "GET /actores/v1?page=0&size=10&sort=firstName,lastName HTTP/1.1" 200 446
0:0:0:0:0:0:0:1 - - [03/Apr/2025:16:35:13 +0200] "GET /actores/v1/71 HTTP/1.1" 200 56
0:0:0:0:0:0:0:1 - - [03/Apr/2025:16:35:13 +0200] "GET /actores/v1/71/pelis HTTP/1.1" 200 779
0:0:0:0:0:0:0:1 - - [03/Apr/2025:16:35:20 +0200] "GET /actores/v1?page=0&size=10&sort=firstName,lastName HTTP/1.1" 200 446
0:0:0:0:0:0:0:1 - - [03/Apr/2025:16:35:22 +0200] "GET /actores/v1/71 HTTP/1.1" 200 56
0:0:0:0:0:0:0:1 - - [03/Apr/2025:16:35:33 +0200] "GET /idiomas/v1 HTTP/1.1" 200 240
0:0:0:0:0:0:0:1 - - [03/Apr/2025:16:35:35 +0200] "GET /idiomas/v1/7 HTTP/1.1" 200 84
0:0:0:0:0:0:0:1 - - [03/Apr/2025:16:42:21 +0200] "GET /idiomas/v1 HTTP/1.1" 200 240
0:0:0:0:0:0:0:1 - - [04/Apr/2025:21:10:36 +0200] "GET /novedades/v1?fecha=2025-03-05%2000%3A00%3A00 HTTP/1.1" 200 347
0:0:0:0:0:0:0:1 - - [04/Apr/2025:21:10:51 +0200] "GET /peliculas/v1/clasificaciones HTTP/1.1" 200 256
0:0:0:0:0:0:0:1 - - [04/Apr/2025:21:10:51 +0200] "GET /peliculas/v1?page=0&size=24&sort=title HTTP/1.1" 200 950
0:0:0:0:0:0:0:1 - - [04/Apr/2025:21:10:55 +0200] "GET /categorias/v1 HTTP/1.1" 200 536
0:0:0:0:0:0:0:1 - - [04/Apr/2025:21:10:59 +0200] "GET /peliculas/v1?page=0&size=24&sort=title HTTP/1.1" 200 950
0:0:0:0:0:0:0:1 - - [04/Apr/2025:21:11:02 +0200] "GET /novedades/v1?fecha=2025-03-05%2000%3A00%3A00 HTTP/1.1" 200 347
0:0:0:0:0:0:0:1 - - [04/Apr/2025:21:11:03 +0200] "GET /peliculas/v1?page=0&size=24&sort=title HTTP/1.1" 200 950
0:0:0:0:0:0:0:1 - - [04/Apr/2025:21:12:53 +0200] "GET /novedades/v1?fecha=2025-03-05%2000%3A00%3A00 HTTP/1.1" 200 347
0:0:0:0:0:0:0:1 - - [04/Apr/2025:21:13:34 +0200] "GET /peliculas/v1?page=0&size=24&sort=title HTTP/1.1" 200 950
0:0:0:0:0:0:0:1 - - [04/Apr/2025:21:13:37 +0200] "GET /categorias/v1 HTTP/1.1" 200 536
0:0:0:0:0:0:0:1 - - [04/Apr/2025:21:13:40 +0200] "GET /categorias/v1 HTTP/1.1" 200 536
0:0:0:0:0:0:0:1 - - [04/Apr/2025:21:13:40 +0200] "GET /categorias/v1/4/peliculas HTTP/1.1" 200 2150
0:0:0:0:0:0:0:1 - - [04/Apr/2025:21:13:46 +0200] "GET /categorias/v1 HTTP/1.1" 200 536
0:0:0:0:0:0:0:1 - - [04/Apr/2025:21:13:46 +0200] "GET /categorias/v1/9/peliculas HTTP/1.1" 200 2688
0:0:0:0:0:0:0:1 - - [04/Apr/2025:21:13:48 +0200] "GET /categorias/v1 HTTP/1.1" 200 536
0:0:0:0:0:0:0:1 - - [04/Apr/2025:21:13:48 +0200] "GET /categorias/v1/1/peliculas HTTP/1.1" 200 2426
0:0:0:0:0:0:0:1 - - [04/Apr/2025:21:14:06 +0200] "GET /categorias/v1 HTTP/1.1" 200 536
0:0:0:0:0:0:0:1 - - [04/Apr/2025:21:14:06 +0200] "GET /categorias/v1/16/peliculas HTTP/1.1" 200 2134
0:0:0:0:0:0:0:1 - - [04/Apr/2025:21:14:09 +0200] "GET /categorias/v1 HTTP/1.1" 200 536
0:0:0:0:0:0:0:1 - - [04/Apr/2025:21:14:09 +0200] "GET /categorias/v1/1/peliculas HTTP/1.1" 200 2426
0:0:0:0:0:0:0:1 - - [04/Apr/2025:21:14:33 +0200] "GET /categorias/v1 HTTP/1.1" 200 536
0:0:0:0:0:0:0:1 - - [04/Apr/2025:21:14:33 +0200] "GET /categorias/v1/2/peliculas HTTP/1.1" 200 2429
0:0:0:0:0:0:0:1 - - [04/Apr/2025:21:14:37 +0200] "GET /categorias/v1 HTTP/1.1" 200 536
0:0:0:0:0:0:0:1 - - [04/Apr/2025:21:14:37 +0200] "GET /categorias/v1/15/peliculas HTTP/1.1" 200 2825
0:0:0:0:0:0:0:1 - - [04/Apr/2025:21:14:41 +0200] "GET /peliculas/v1?page=0&size=24&sort=title HTTP/1.1" 200 950
0:0:0:0:0:0:0:1 - - [04/Apr/2025:21:14:44 +0200] "GET /categorias/v1 HTTP/1.1" 200 536
0:0:0:0:0:0:0:1 - - [04/Apr/2025:21:15:01 +0200] "GET /actores/v1?page=0&size=10&sort=firstName,lastName HTTP/1.1" 200 446
0:0:0:0:0:0:0:1 - - [04/Apr/2025:21:15:07 +0200] "GET /actores/v1/71 HTTP/1.1" 200 56
0:0:0:0:0:0:0:1 - - [04/Apr/2025:21:15:07 +0200] "GET /actores/v1/71/pelis HTTP/1.1" 200 779
0:0:0:0:0:0:0:1 - - [04/Apr/2025:21:15:56 +0200] "GET /actores/v1?page=0&size=10&sort=firstName,lastName HTTP/1.1" 200 446
0:0:0:0:0:0:0:1 - - [04/Apr/2025:21:16:00 +0200] "GET /actores/v1?page=3&size=10&sort=firstName,lastName HTTP/1.1" 200 447
0:0:0:0:0:0:0:1 - - [04/Apr/2025:21:16:01 +0200] "GET /actores/v1?page=5&size=10&sort=firstName,lastName HTTP/1.1" 200 431
0:0:0:0:0:0:0:1 - - [04/Apr/2025:21:16:03 +0200] "GET /actores/v1?page=6&size=10&sort=firstName,lastName HTTP/1.1" 200 436
0:0:0:0:0:0:0:1 - - [04/Apr/2025:21:16:04 +0200] "GET /actores/v1?page=20&size=10&sort=firstName,lastName HTTP/1.1" 200 155
0:0:0:0:0:0:0:1 - - [04/Apr/2025:21:16:06 +0200] "GET /actores/v1/11 HTTP/1.1" 200 55
0:0:0:0:0:0:0:1 - - [04/Apr/2025:21:16:06 +0200] "GET /actores/v1/11/pelis HTTP/1.1" 200 908
0:0:0:0:0:0:0:1 - - [04/Apr/2025:21:17:10 +0200] "GET /idiomas/v1 HTTP/1.1" 200 240
0:0:0:0:0:0:0:1 - - [04/Apr/2025:21:17:14 +0200] "GET /idiomas/v1/7 HTTP/1.1" 200 84
0:0:0:0:0:0:0:1 - - [04/Apr/2025:21:17:16 +0200] "GET /idiomas/v1 HTTP/1.1" 200 240
0:0:0:0:0:0:0:1 - - [04/Apr/2025:21:17:22 +0200] "GET /peliculas/v1?page=0&size=24&sort=title HTTP/1.1" 200 950
0:0:0:0:0:0:0:1 - - [04/Apr/2025:21:17:25 +0200] "GET /peliculas/v1/7?mode=details HTTP/1.1" 200 455
0:0:0:0:0:0:0:1 - - [04/Apr/2025:21:17:57 +0200] "GET /peliculas/v1?page=0&size=24&sort=title HTTP/1.1" 200 950
0:0:0:0:0:0:0:1 - - [04/Apr/2025:21:18:02 +0200] "GET /novedades/v1?fecha=2025-03-05%2000%3A00%3A00 HTTP/1.1" 200 347
0:0:0:0:0:0:0:1 - - [04/Apr/2025:21:19:01 +0200] "GET /peliculas/v1/1004?mode=details HTTP/1.1" 200 341
0:0:0:0:0:0:0:1 - - [04/Apr/2025:21:19:24 +0200] "GET /peliculas/v1?page=0&size=24&sort=title HTTP/1.1" 200 950
0:0:0:0:0:0:0:1 - - [04/Apr/2025:21:19:29 +0200] "GET /peliculas/v1/clasificaciones HTTP/1.1" 200 256
0:0:0:0:0:0:0:1 - - [04/Apr/2025:21:19:29 +0200] "GET /peliculas/v1?page=0&size=24&sort=title HTTP/1.1" 200 950
0:0:0:0:0:0:0:1 - - [04/Apr/2025:21:19:32 +0200] "GET /novedades/v1?fecha=2025-03-05%2000%3A00%3A00 HTTP/1.1" 200 347
0:0:0:0:0:0:0:1 - - [04/Apr/2025:21:19:40 +0200] "GET /peliculas/v1/1004?mode=details HTTP/1.1" 200 341
0:0:0:0:0:0:0:1 - - [04/Apr/2025:21:19:42 +0200] "GET /novedades/v1?fecha=2025-03-05%2000%3A00%3A00 HTTP/1.1" 200 347
0:0:0:0:0:0:0:1 - - [04/Apr/2025:21:20:28 +0200] "GET /categorias/v1 HTTP/1.1" 200 536
0:0:0:0:0:0:0:1 - - [04/Apr/2025:21:20:30 +0200] "GET /peliculas/v1?page=0&size=24&sort=title HTTP/1.1" 200 950
0:0:0:0:0:0:0:1 - - [04/Apr/2025:21:20:33 +0200] "GET /novedades/v1?fecha=2025-03-05%2000%3A00%3A00 HTTP/1.1" 200 347
0:0:0:0:0:0:0:1 - - [04/Apr/2025:21:20:35 +0200] "GET /peliculas/v1/1002?mode=details HTTP/1.1" 200 527
0:0:0:0:0:0:0:1 - - [04/Apr/2025:21:20:38 +0200] "GET /peliculas/v1/contenido-adicional HTTP/1.1" 200 75
0:0:0:0:0:0:0:1 - - [04/Apr/2025:21:20:38 +0200] "GET /categorias/v1 HTTP/1.1" 200 536
0:0:0:0:0:0:0:1 - - [04/Apr/2025:21:20:38 +0200] "GET /idiomas/v1 HTTP/1.1" 200 240
0:0:0:0:0:0:0:1 - - [04/Apr/2025:21:20:38 +0200] "GET /peliculas/v1/1002 HTTP/1.1" 200 427
0:0:0:0:0:0:0:1 - - [04/Apr/2025:21:20:38 +0200] "GET /actores/v1?modo=short HTTP/1.1" 200 7088
0:0:0:0:0:0:0:1 - - [04/Apr/2025:21:20:40 +0200] "GET /peliculas/v1/1002?mode=details HTTP/1.1" 200 527
0:0:0:0:0:0:0:1 - - [04/Apr/2025:21:20:41 +0200] "GET /peliculas/v1/1002?mode=details HTTP/1.1" 200 527
0:0:0:0:0:0:0:1 - - [04/Apr/2025:21:20:42 +0200] "GET /novedades/v1?fecha=2025-03-05%2000%3A00%3A00 HTTP/1.1" 200 347
0:0:0:0:0:0:0:1 - - [04/Apr/2025:21:20:59 +0200] "GET /peliculas/v1/clasificaciones HTTP/1.1" 200 256
0:0:0:0:0:0:0:1 - - [04/Apr/2025:21:20:59 +0200] "GET /peliculas/v1?page=0&size=24&sort=title HTTP/1.1" 200 950
0:0:0:0:0:0:0:1 - - [04/Apr/2025:21:21:05 +0200] "GET /peliculas/v1/contenido-adicional HTTP/1.1" 200 75
0:0:0:0:0:0:0:1 - - [04/Apr/2025:21:21:05 +0200] "GET /categorias/v1 HTTP/1.1" 200 536
0:0:0:0:0:0:0:1 - - [04/Apr/2025:21:21:05 +0200] "GET /idiomas/v1 HTTP/1.1" 200 240
0:0:0:0:0:0:0:1 - - [04/Apr/2025:21:21:05 +0200] "GET /actores/v1?modo=short HTTP/1.1" 200 7088
0:0:0:0:0:0:0:1 - - [04/Apr/2025:21:21:49 +0200] "GET /peliculas/v1?page=0&size=24&sort=title HTTP/1.1" 200 950
0:0:0:0:0:0:0:1 - - [04/Apr/2025:21:21:50 +0200] "GET /peliculas/v1/clasificaciones HTTP/1.1" 200 256
0:0:0:0:0:0:0:1 - - [04/Apr/2025:21:21:50 +0200] "GET /peliculas/v1?page=0&size=24&sort=title HTTP/1.1" 200 950
0:0:0:0:0:0:0:1 - - [04/Apr/2025:21:22:01 +0200] "GET /peliculas/v1?page=2&size=24&sort=title HTTP/1.1" 200 981
0:0:0:0:0:0:0:1 - - [04/Apr/2025:21:22:47 +0200] "GET /novedades/v1?fecha=2025-03-05%2000%3A00%3A00 HTTP/1.1" 200 347
0:0:0:0:0:0:0:1 - - [04/Apr/2025:21:22:49 +0200] "GET /peliculas/v1?page=2&size=24&sort=title HTTP/1.1" 200 981
0:0:0:0:0:0:0:1 - - [04/Apr/2025:21:23:36 +0200] "GET /peliculas/v1?page=2&size=24&sort=title HTTP/1.1" 200 981
0:0:0:0:0:0:0:1 - - [04/Apr/2025:21:23:43 +0200] "GET /novedades/v1?fecha=2025-03-05%2000%3A00%3A00 HTTP/1.1" 200 347
0:0:0:0:0:0:0:1 - - [04/Apr/2025:21:24:22 +0200] "GET /idiomas/v1 HTTP/1.1" 200 240
0:0:0:0:0:0:0:1 - - [04/Apr/2025:21:31:49 +0200] "GET /idiomas/v1 HTTP/1.1" 200 240
0:0:0:0:0:0:0:1 - - [04/Apr/2025:21:38:51 +0200] "GET /idiomas/v1 HTTP/1.1" 200 240
0:0:0:0:0:0:0:1 - - [04/Apr/2025:21:39:11 +0200] "GET /idiomas/v1 HTTP/1.1" 200 240
0:0:0:0:0:0:0:1 - - [04/Apr/2025:21:39:24 +0200] "GET /idiomas/v1/7 HTTP/1.1" 200 84
0:0:0:0:0:0:0:1 - - [04/Apr/2025:21:39:26 +0200] "GET /idiomas/v1 HTTP/1.1" 200 240
0:0:0:0:0:0:0:1 - - [04/Apr/2025:21:39:29 +0200] "GET /peliculas/v1/clasificaciones HTTP/1.1" 200 256
0:0:0:0:0:0:0:1 - - [04/Apr/2025:21:39:29 +0200] "GET /peliculas/v1?page=0&size=24&sort=title HTTP/1.1" 200 950
0:0:0:0:0:0:0:1 - - [04/Apr/2025:21:40:48 +0200] "GET /peliculas/v1/clasificaciones HTTP/1.1" 200 256
0:0:0:0:0:0:0:1 - - [04/Apr/2025:21:40:48 +0200] "GET /peliculas/v1?page=0&size=24&sort=title HTTP/1.1" 200 950
0:0:0:0:0:0:0:1 - - [04/Apr/2025:21:40:52 +0200] "GET /idiomas/v1 HTTP/1.1" 200 240
0:0:0:0:0:0:0:1 - - [04/Apr/2025:21:43:22 +0200] "GET /novedades/v1?fecha=2025-03-05%2000%3A00%3A00 HTTP/1.1" 200 347
0:0:0:0:0:0:0:1 - - [04/Apr/2025:21:43:24 +0200] "GET /categorias/v1 HTTP/1.1" 200 536
0:0:0:0:0:0:0:1 - - [04/Apr/2025:21:43:27 +0200] "GET /idiomas/v1 HTTP/1.1" 200 240
0:0:0:0:0:0:0:1 - - [04/Apr/2025:21:44:18 +0200] "GET /novedades/v1?fecha=2025-03-05%2000%3A00%3A00 HTTP/1.1" 200 347
0:0:0:0:0:0:0:1 - - [04/Apr/2025:21:44:40 +0200] "GET /idiomas/v1 HTTP/1.1" 200 240
0:0:0:0:0:0:0:1 - - [04/Apr/2025:21:45:21 +0200] "GET /novedades/v1?fecha=2025-03-05%2000%3A00%3A00 HTTP/1.1" 200 347
0:0:0:0:0:0:0:1 - - [04/Apr/2025:21:45:24 +0200] "GET /idiomas/v1 HTTP/1.1" 200 240
0:0:0:0:0:0:0:1 - - [04/Apr/2025:21:46:10 +0200] "GET /novedades/v1?fecha=2025-03-05%2000%3A00%3A00 HTTP/1.1" 200 347
0:0:0:0:0:0:0:1 - - [04/Apr/2025:21:46:13 +0200] "GET /idiomas/v1 HTTP/1.1" 200 240
0:0:0:0:0:0:0:1 - - [04/Apr/2025:21:46:21 +0200] "GET /novedades/v1?fecha=2025-03-05%2000%3A00%3A00 HTTP/1.1" 200 347
0:0:0:0:0:0:0:1 - - [04/Apr/2025:21:55:41 +0200] "GET /novedades/v1?fecha=2025-03-05%2000%3A00%3A00 HTTP/1.1" 200 347
0:0:0:0:0:0:0:1 - - [04/Apr/2025:21:56:00 +0200] "GET /idiomas/v1 HTTP/1.1" 403 169
0:0:0:0:0:0:0:1 - - [04/Apr/2025:21:56:00 +0200] "GET /novedades/v1?fecha=2025-03-05%2000%3A00%3A00 HTTP/1.1" 200 347
0:0:0:0:0:0:0:1 - - [04/Apr/2025:22:08:48 +0200] "GET /novedades/v1?fecha=2025-03-05%2000%3A00%3A00 HTTP/1.1" 200 347
0:0:0:0:0:0:0:1 - - [04/Apr/2025:22:09:10 +0200] "GET /novedades/v1?fecha=2025-03-05%2000%3A00%3A00 HTTP/1.1" 200 347
0:0:0:0:0:0:0:1 - - [04/Apr/2025:22:11:37 +0200] "GET /novedades/v1?fecha=2025-03-05%2000%3A00%3A00 HTTP/1.1" 200 347
0:0:0:0:0:0:0:1 - - [04/Apr/2025:22:11:52 +0200] "GET /novedades/v1?fecha=2025-03-05%2000%3A00%3A00 HTTP/1.1" 200 347
0:0:0:0:0:0:0:1 - - [04/Apr/2025:22:11:55 +0200] "GET /novedades/v1?fecha=2025-03-05%2000%3A00%3A00 HTTP/1.1" 200 347
0:0:0:0:0:0:0:1 - - [04/Apr/2025:22:17:39 +0200] "GET /novedades/v1?fecha=2025-03-05%2000%3A00%3A00 HTTP/1.1" 200 347
0:0:0:0:0:0:0:1 - - [04/Apr/2025:22:17:46 +0200] "GET /novedades/v1?fecha=2025-03-05%2000%3A00%3A00 HTTP/1.1" 200 347
0:0:0:0:0:0:0:1 - - [04/Apr/2025:22:24:24 +0200] "GET /novedades/v1?fecha=2025-03-05%2000%3A00%3A00 HTTP/1.1" 200 347
0:0:0:0:0:0:0:1 - - [04/Apr/2025:22:24:30 +0200] "GET /novedades/v1?fecha=2025-03-05%2000%3A00%3A00 HTTP/1.1" 200 347
0:0:0:0:0:0:0:1 - - [04/Apr/2025:22:24:34 +0200] "GET /actores/v1?page=0&size=10&sort=firstName,lastName HTTP/1.1" 200 446
0:0:0:0:0:0:0:1 - - [04/Apr/2025:22:24:53 +0200] "GET /peliculas/v1/clasificaciones HTTP/1.1" 200 256
0:0:0:0:0:0:0:1 - - [04/Apr/2025:22:24:53 +0200] "GET /peliculas/v1?page=0&size=24&sort=title HTTP/1.1" 200 950
0:0:0:0:0:0:0:1 - - [04/Apr/2025:22:25:46 +0200] "GET /novedades/v1?fecha=2025-03-05%2000%3A00%3A00 HTTP/1.1" 200 347
0:0:0:0:0:0:0:1 - - [04/Apr/2025:22:30:28 +0200] "GET /novedades/v1?fecha=2025-03-05%2000%3A00%3A00 HTTP/1.1" 200 347
0:0:0:0:0:0:0:1 - - [04/Apr/2025:22:30:31 +0200] "GET /novedades/v1?fecha=2025-03-05%2000%3A00%3A00 HTTP/1.1" 200 347
0:0:0:0:0:0:0:1 - - [04/Apr/2025:22:31:00 +0200] "GET /idiomas/v1 HTTP/1.1" 200 240
0:0:0:0:0:0:0:1 - - [04/Apr/2025:22:33:58 +0200] "GET /novedades/v1?fecha=2025-03-05%2000%3A00%3A00 HTTP/1.1" 200 347
0:0:0:0:0:0:0:1 - - [04/Apr/2025:22:34:24 +0200] "GET /categorias/v1 HTTP/1.1" 200 536
0:0:0:0:0:0:0:1 - - [04/Apr/2025:22:34:28 +0200] "GET /idiomas/v1 HTTP/1.1" 200 240
0:0:0:0:0:0:0:1 - - [04/Apr/2025:22:35:32 +0200] "GET /idiomas/v1 HTTP/1.1" 200 240
0:0:0:0:0:0:0:1 - - [04/Apr/2025:22:36:51 +0200] "GET /actores/v1?page=0&size=10&sort=firstName,lastName HTTP/1.1" 200 446
0:0:0:0:0:0:0:1 - - [04/Apr/2025:22:37:04 +0200] "GET /actores/v1/71 HTTP/1.1" 200 56
0:0:0:0:0:0:0:1 - - [04/Apr/2025:22:37:04 +0200] "GET /actores/v1/71/pelis HTTP/1.1" 200 779
0:0:0:0:0:0:0:1 - - [04/Apr/2025:22:37:16 +0200] "GET /actores/v1?page=0&size=10&sort=firstName,lastName HTTP/1.1" 200 446
0:0:0:0:0:0:0:1 - - [04/Apr/2025:22:37:21 +0200] "GET /actores/v1/71 HTTP/1.1" 200 56
0:0:0:0:0:0:0:1 - - [04/Apr/2025:22:37:40 +0200] "GET /novedades/v1?fecha=2025-03-05%2000%3A00%3A00 HTTP/1.1" 200 347
0:0:0:0:0:0:0:1 - - [04/Apr/2025:22:43:26 +0200] "GET /novedades/v1?fecha=2025-03-05%2000%3A00%3A00 HTTP/1.1" 200 347
0:0:0:0:0:0:0:1 - - [04/Apr/2025:22:45:09 +0200] "GET /novedades/v1?fecha=2025-03-05%2000%3A00%3A00 HTTP/1.1" 200 347
0:0:0:0:0:0:0:1 - - [04/Apr/2025:22:45:20 +0200] "GET /novedades/v1?fecha=2025-03-05%2000%3A00%3A00 HTTP/1.1" 200 347
0:0:0:0:0:0:0:1 - - [04/Apr/2025:22:45:22 +0200] "GET /novedades/v1?fecha=2025-03-05%2000%3A00%3A00 HTTP/1.1" 200 347
0:0:0:0:0:0:0:1 - - [04/Apr/2025:22:45:34 +0200] "GET /novedades/v1?fecha=2025-03-05%2000%3A00%3A00 HTTP/1.1" 200 347
0:0:0:0:0:0:0:1 - - [04/Apr/2025:22:45:37 +0200] "GET /actores/v1?page=0&size=10&sort=firstName,lastName HTTP/1.1" 200 446
0:0:0:0:0:0:0:1 - - [04/Apr/2025:22:46:17 +0200] "GET /actores/v1/173 HTTP/1.1" 200 60
0:0:0:0:0:0:0:1 - - [04/Apr/2025:22:46:17 +0200] "GET /actores/v1/173/pelis HTTP/1.1" 200 1059
0:0:0:0:0:0:0:1 - - [04/Apr/2025:22:46:43 +0200] "GET /categorias/v1 HTTP/1.1" 200 536
0:0:0:0:0:0:0:1 - - [04/Apr/2025:22:46:45 +0200] "GET /peliculas/v1?page=0&size=24&sort=title HTTP/1.1" 200 950
0:0:0:0:0:0:0:1 - - [04/Apr/2025:22:46:45 +0200] "GET /peliculas/v1/clasificaciones HTTP/1.1" 200 256
0:0:0:0:0:0:0:1 - - [04/Apr/2025:22:46:56 +0200] "GET /novedades/v1?fecha=2025-03-05%2000%3A00%3A00 HTTP/1.1" 200 347
0:0:0:0:0:0:0:1 - - [04/Apr/2025:22:50:49 +0200] "GET /novedades/v1?fecha=2025-03-05%2000%3A00%3A00 HTTP/1.1" 200 347
0:0:0:0:0:0:0:1 - - [04/Apr/2025:22:50:51 +0200] "GET /actores/v1?page=0&size=10&sort=firstName,lastName HTTP/1.1" 200 446
0:0:0:0:0:0:0:1 - - [04/Apr/2025:22:50:54 +0200] "GET /actores/v1/146 HTTP/1.1" 200 63
0:0:0:0:0:0:0:1 - - [04/Apr/2025:22:50:54 +0200] "GET /actores/v1/146/pelis HTTP/1.1" 200 1255
0:0:0:0:0:0:0:1 - - [04/Apr/2025:22:50:58 +0200] "GET /peliculas/v1?page=0&size=24&sort=title HTTP/1.1" 200 950
0:0:0:0:0:0:0:1 - - [04/Apr/2025:22:50:58 +0200] "GET /peliculas/v1/clasificaciones HTTP/1.1" 200 256
0:0:0:0:0:0:0:1 - - [04/Apr/2025:22:51:00 +0200] "GET /categorias/v1 HTTP/1.1" 200 536
0:0:0:0:0:0:0:1 - - [04/Apr/2025:22:51:01 +0200] "GET /actores/v1?page=0&size=10&sort=firstName,lastName HTTP/1.1" 200 446
0:0:0:0:0:0:0:1 - - [04/Apr/2025:22:51:20 +0200] "GET /novedades/v1?fecha=2025-03-05%2000%3A00%3A00 HTTP/1.1" 200 347
0:0:0:0:0:0:0:1 - - [04/Apr/2025:22:51:23 +0200] "GET /actores/v1?page=0&size=10&sort=firstName,lastName HTTP/1.1" 200 446
0:0:0:0:0:0:0:1 - - [04/Apr/2025:22:51:41 +0200] "GET /actores/v1/146 HTTP/1.1" 200 63
0:0:0:0:0:0:0:1 - - [04/Apr/2025:22:51:41 +0200] "GET /actores/v1/146/pelis HTTP/1.1" 200 1255
0:0:0:0:0:0:0:1 - - [04/Apr/2025:22:51:50 +0200] "GET /actores/v1?page=0&size=10&sort=firstName,lastName HTTP/1.1" 200 446
0:0:0:0:0:0:0:1 - - [04/Apr/2025:22:52:09 +0200] "POST /actores/v1 HTTP/1.1" 201 -
0:0:0:0:0:0:0:1 - - [04/Apr/2025:22:52:09 +0200] "GET /actores/v1?page=0&size=10&sort=firstName,lastName HTTP/1.1" 200 444
0:0:0:0:0:0:0:1 - - [04/Apr/2025:22:52:15 +0200] "GET /novedades/v1?fecha=2025-03-05%2000%3A00%3A00 HTTP/1.1" 200 397
0:0:0:0:0:0:0:1 - - [04/Apr/2025:22:52:17 +0200] "GET /peliculas/v1/1004?mode=details HTTP/1.1" 200 341
0:0:0:0:0:0:0:1 - - [04/Apr/2025:22:52:19 +0200] "GET /peliculas/v1/clasificaciones HTTP/1.1" 200 256
0:0:0:0:0:0:0:1 - - [04/Apr/2025:22:52:19 +0200] "GET /peliculas/v1/contenido-adicional HTTP/1.1" 200 75
0:0:0:0:0:0:0:1 - - [04/Apr/2025:22:52:19 +0200] "GET /categorias/v1 HTTP/1.1" 200 536
0:0:0:0:0:0:0:1 - - [04/Apr/2025:22:52:19 +0200] "GET /idiomas/v1 HTTP/1.1" 200 240
0:0:0:0:0:0:0:1 - - [04/Apr/2025:22:52:19 +0200] "GET /peliculas/v1/1004 HTTP/1.1" 200 277
0:0:0:0:0:0:0:1 - - [04/Apr/2025:22:52:20 +0200] "GET /actores/v1?modo=short HTTP/1.1" 200 7124
0:0:0:0:0:0:0:1 - - [04/Apr/2025:22:52:25 +0200] "PUT /peliculas/v1/1004 HTTP/1.1" 200 281
0:0:0:0:0:0:0:1 - - [04/Apr/2025:22:52:25 +0200] "GET /peliculas/v1/1004?mode=details HTTP/1.1" 200 357
0:0:0:0:0:0:0:1 - - [04/Apr/2025:22:52:26 +0200] "GET /actores/v1?page=0&size=10&sort=firstName,lastName HTTP/1.1" 200 444
0:0:0:0:0:0:0:1 - - [04/Apr/2025:22:52:27 +0200] "GET /actores/v1/206 HTTP/1.1" 200 60
0:0:0:0:0:0:0:1 - - [04/Apr/2025:22:52:27 +0200] "GET /actores/v1/206/pelis HTTP/1.1" 200 42
0:0:0:0:0:0:0:1 - - [04/Apr/2025:22:52:36 +0200] "GET /actores/v1?page=0&size=10&sort=firstName,lastName HTTP/1.1" 200 444
0:0:0:0:0:0:0:1 - - [04/Apr/2025:23:13:27 +0200] "GET /novedades/v1?fecha=2025-03-05%2000%3A00%3A00 HTTP/1.1" 200 397
0:0:0:0:0:0:0:1 - - [04/Apr/2025:23:13:30 +0200] "GET /novedades/v1?fecha=2025-03-05%2000%3A00%3A00 HTTP/1.1" 200 397
0:0:0:0:0:0:0:1 - - [04/Apr/2025:23:13:36 +0200] "GET /idiomas/v1 HTTP/1.1" 200 240
0:0:0:0:0:0:0:1 - - [04/Apr/2025:23:13:38 +0200] "GET /idiomas/v1 HTTP/1.1" 200 240
0:0:0:0:0:0:0:1 - - [04/Apr/2025:23:18:15 +0200] "GET /novedades/v1?fecha=2025-03-05%2000%3A00%3A00 HTTP/1.1" 200 397
0:0:0:0:0:0:0:1 - - [04/Apr/2025:23:18:17 +0200] "GET /peliculas/v1?page=0&size=24&sort=title HTTP/1.1" 200 950
0:0:0:0:0:0:0:1 - - [04/Apr/2025:23:18:17 +0200] "GET /peliculas/v1/clasificaciones HTTP/1.1" 200 256
0:0:0:0:0:0:0:1 - - [04/Apr/2025:23:18:22 +0200] "GET /categorias/v1 HTTP/1.1" 200 536
0:0:0:0:0:0:0:1 - - [04/Apr/2025:23:18:24 +0200] "GET /categorias/v1 HTTP/1.1" 200 536
0:0:0:0:0:0:0:1 - - [04/Apr/2025:23:18:24 +0200] "GET /categorias/v1/9/peliculas HTTP/1.1" 200 2688
0:0:0:0:0:0:0:1 - - [04/Apr/2025:23:18:26 +0200] "GET /actores/v1?page=0&size=10&sort=firstName,lastName HTTP/1.1" 200 444
0:0:0:0:0:0:0:1 - - [04/Apr/2025:23:18:29 +0200] "GET /actores/v1/206 HTTP/1.1" 200 60
0:0:0:0:0:0:0:1 - - [04/Apr/2025:23:18:29 +0200] "GET /actores/v1/206/pelis HTTP/1.1" 200 42
0:0:0:0:0:0:0:1 - - [04/Apr/2025:23:18:31 +0200] "GET /peliculas/v1/1004?mode=details HTTP/1.1" 200 357
0:0:0:0:0:0:0:1 - - [04/Apr/2025:23:18:34 +0200] "GET /actores/v1/206 HTTP/1.1" 200 60
0:0:0:0:0:0:0:1 - - [04/Apr/2025:23:18:34 +0200] "GET /actores/v1/206/pelis HTTP/1.1" 200 42
0:0:0:0:0:0:0:1 - - [04/Apr/2025:23:18:35 +0200] "GET /actores/v1?page=0&size=10&sort=firstName,lastName HTTP/1.1" 200 444
0:0:0:0:0:0:0:1 - - [04/Apr/2025:23:18:43 +0200] "GET /actores/v1?page=0&size=10&sort=firstName,lastName HTTP/1.1" 200 444
0:0:0:0:0:0:0:1 - - [04/Apr/2025:23:19:50 +0200] "GET /actores/v1?page=0&size=10&sort=firstName,lastName HTTP/1.1" 200 444
0:0:0:0:0:0:0:1 - - [04/Apr/2025:23:26:04 +0200] "GET /actores/v1?page=0&size=10&sort=firstName,lastName HTTP/1.1" 200 444
0:0:0:0:0:0:0:1 - - [04/Apr/2025:23:37:48 +0200] "GET /novedades/v1?fecha=2025-03-05%2000%3A00%3A00 HTTP/1.1" 200 397
0:0:0:0:0:0:0:1 - - [04/Apr/2025:23:37:55 +0200] "GET /actores/v1?page=0&size=10&sort=firstName,lastName HTTP/1.1" 403 169
0:0:0:0:0:0:0:1 - - [04/Apr/2025:23:37:55 +0200] "GET /actores/v1?page=0&size=10&sort=firstName,lastName HTTP/1.1" 200 444
0:0:0:0:0:0:0:1 - - [04/Apr/2025:23:37:57 +0200] "GET /actores/v1?page=2&size=10&sort=firstName,lastName HTTP/1.1" 200 443
0:0:0:0:0:0:0:1 - - [04/Apr/2025:23:37:59 +0200] "GET /actores/v1?page=0&size=10&sort=firstName,lastName HTTP/1.1" 200 444
0:0:0:0:0:0:0:1 - - [04/Apr/2025:23:38:02 +0200] "GET /actores/v1?page=4&size=10&sort=firstName,lastName HTTP/1.1" 200 427
0:0:0:0:0:0:0:1 - - [04/Apr/2025:23:38:04 +0200] "GET /actores/v1/56 HTTP/1.1" 200 56
0:0:0:0:0:0:0:1 - - [04/Apr/2025:23:38:04 +0200] "GET /actores/v1/56/pelis HTTP/1.1" 200 1065
0:0:0:0:0:0:0:1 - - [04/Apr/2025:23:38:08 +0200] "GET /actores/v1?page=4&size=10&sort=firstName,lastName HTTP/1.1" 200 427
0:0:0:0:0:0:0:1 - - [04/Apr/2025:23:38:18 +0200] "GET /actores/v1?page=0&size=10&sort=firstName,lastName HTTP/1.1" 200 444
0:0:0:0:0:0:0:1 - - [04/Apr/2025:23:38:20 +0200] "GET /actores/v1?page=1&size=10&sort=firstName,lastName HTTP/1.1" 200 436
0:0:0:0:0:0:0:1 - - [04/Apr/2025:23:38:25 +0200] "GET /idiomas/v1 HTTP/1.1" 200 240
0:0:0:0:0:0:0:1 - - [04/Apr/2025:23:38:27 +0200] "GET /actores/v1?page=1&size=10&sort=firstName,lastName HTTP/1.1" 200 436
0:0:0:0:0:0:0:1 - - [04/Apr/2025:23:38:28 +0200] "GET /categorias/v1 HTTP/1.1" 200 536
0:0:0:0:0:0:0:1 - - [04/Apr/2025:23:38:29 +0200] "GET /peliculas/v1?page=0&size=24&sort=title HTTP/1.1" 200 950
0:0:0:0:0:0:0:1 - - [04/Apr/2025:23:38:29 +0200] "GET /peliculas/v1/clasificaciones HTTP/1.1" 200 256
0:0:0:0:0:0:0:1 - - [04/Apr/2025:23:38:31 +0200] "GET /novedades/v1?fecha=2025-03-05%2000%3A00%3A00 HTTP/1.1" 200 397
0:0:0:0:0:0:0:1 - - [04/Apr/2025:23:38:57 +0200] "GET /novedades/v1?fecha=2025-03-05%2000%3A00%3A00 HTTP/1.1" 200 397
0:0:0:0:0:0:0:1 - - [04/Apr/2025:23:38:59 +0200] "GET /peliculas/v1?page=0&size=24&sort=title HTTP/1.1" 200 950
0:0:0:0:0:0:0:1 - - [04/Apr/2025:23:38:59 +0200] "GET /peliculas/v1/clasificaciones HTTP/1.1" 200 256
0:0:0:0:0:0:0:1 - - [04/Apr/2025:23:39:01 +0200] "GET /categorias/v1 HTTP/1.1" 200 536
0:0:0:0:0:0:0:1 - - [04/Apr/2025:23:39:03 +0200] "GET /actores/v1?page=0&size=10&sort=firstName,lastName HTTP/1.1" 200 444
0:0:0:0:0:0:0:1 - - [04/Apr/2025:23:39:07 +0200] "GET /actores/v1/206 HTTP/1.1" 200 60
0:0:0:0:0:0:0:1 - - [04/Apr/2025:23:39:07 +0200] "GET /actores/v1/206/pelis HTTP/1.1" 200 42
0:0:0:0:0:0:0:1 - - [04/Apr/2025:23:39:09 +0200] "GET /peliculas/v1?page=0&size=24&sort=title HTTP/1.1" 200 950
0:0:0:0:0:0:0:1 - - [04/Apr/2025:23:39:11 +0200] "GET /peliculas/v1/1?mode=details HTTP/1.1" 200 562
0:0:0:0:0:0:0:1 - - [04/Apr/2025:23:41:19 +0200] "GET /peliculas/v1/1?mode=details HTTP/1.1" 200 562
0:0:0:0:0:0:0:1 - - [15/Apr/2025:12:56:07 +0200] "GET /?vscodeBrowserReqId=1744714567231 HTTP/1.1" 200 638
0:0:0:0:0:0:0:1 - - [15/Apr/2025:12:56:10 +0200] "GET /?vscodeBrowserReqId=1744714570442 HTTP/1.1" 200 638
0:0:0:0:0:0:0:1 - - [15/Apr/2025:12:59:29 +0200] "GET / HTTP/1.1" 200 407
0:0:0:0:0:0:0:1 - - [15/Apr/2025:12:59:30 +0200] "GET /favicon.ico HTTP/1.1" 200 21559
0:0:0:0:0:0:0:1 - - [15/Apr/2025:12:59:32 +0200] "GET /open-api HTTP/1.1" 302 -
0:0:0:0:0:0:0:1 - - [15/Apr/2025:12:59:32 +0200] "GET /swagger-ui/index.html HTTP/1.1" 200 734
0:0:0:0:0:0:0:1 - - [15/Apr/2025:12:59:32 +0200] "GET /swagger-ui/index.css HTTP/1.1" 200 202
0:0:0:0:0:0:0:1 - - [15/Apr/2025:12:59:32 +0200] "GET /swagger-ui/swagger-ui.css HTTP/1.1" 200 152071
0:0:0:0:0:0:0:1 - - [15/Apr/2025:12:59:32 +0200] "GET /swagger-ui/swagger-ui-standalone-preset.js HTTP/1.1" 200 230293
0:0:0:0:0:0:0:1 - - [15/Apr/2025:12:59:32 +0200] "GET /swagger-ui/swagger-initializer.js HTTP/1.1" 200 703
0:0:0:0:0:0:0:1 - - [15/Apr/2025:12:59:32 +0200] "GET /swagger-ui/swagger-ui-bundle.js HTTP/1.1" 200 1452753
0:0:0:0:0:0:0:1 - - [15/Apr/2025:12:59:33 +0200] "GET /v3/api-docs/swagger-config HTTP/1.1" 200 239
0:0:0:0:0:0:0:1 - - [15/Apr/2025:12:59:33 +0200] "GET /swagger-ui/favicon-32x32.png HTTP/1.1" 200 628
0:0:0:0:0:0:0:1 - - [15/Apr/2025:12:59:34 +0200] "GET /v3/api-docs HTTP/1.1" 200 36607
0:0:0:0:0:0:0:1 - - [15/Apr/2025:13:02:11 +0200] "GET /actores/v1?modo=largo&page=0&size=20 HTTP/1.1" 200 768
0:0:0:0:0:0:0:1 - - [15/Apr/2025:13:31:31 +0200] "GET / HTTP/1.1" 200 407
0:0:0:0:0:0:0:1 - - [15/Apr/2025:13:33:03 +0200] "GET /?vscodeBrowserReqId=1744716783524 HTTP/1.1" 200 638
0:0:0:0:0:0:0:1 - - [15/Apr/2025:13:33:31 +0200] "GET /?vscodeBrowserReqId=1744716811824 HTTP/1.1" 200 638
0:0:0:0:0:0:0:1 - - [15/Apr/2025:13:33:49 +0200] "GET /actores/v1?vscodeBrowserReqId=1744716829799 HTTP/1.1" 200 9222
